<?xml version="1.0" encoding="UTF-8"?>
<testng-results skipped="0" failed="0" ignored="0" total="2" passed="2">
  <reporter-output>
  </reporter-output>
  <suite name="AAM-Login Test suite" duration-ms="22141" started-at="2017-08-11T07:53:38Z" finished-at="2017-08-11T07:54:00Z">
    <groups>
    </groups>
    <test name="Verify Login Functionality" duration-ms="22141" started-at="2017-08-11T07:53:38Z" finished-at="2017-08-11T07:54:00Z">
      <class name="Test.AAMLoginTest">
        <test-method status="PASS" signature="setUp()[pri:0, instance:Test.AAMLoginTest@7946e1f4]" name="setUp" is-config="true" duration-ms="5670" started-at="2017-08-11T00:53:38Z" finished-at="2017-08-11T00:53:43Z">
          <reporter-output>
          </reporter-output>
        </test-method> <!-- setUp -->
        <test-method status="PASS" signature="aamLogingTest1()[pri:0, instance:Test.AAMLoginTest@7946e1f4]" name="aamLogingTest1" duration-ms="472" started-at="2017-08-11T00:53:43Z" finished-at="2017-08-11T00:53:44Z">
          <reporter-output>
          </reporter-output>
        </test-method> <!-- aamLogingTest1 -->
        <test-method status="PASS" signature="tearDown()[pri:0, instance:Test.AAMLoginTest@7946e1f4]" name="tearDown" is-config="true" duration-ms="131" started-at="2017-08-11T00:53:44Z" finished-at="2017-08-11T00:53:44Z">
          <reporter-output>
          </reporter-output>
        </test-method> <!-- tearDown -->
        <test-method status="PASS" signature="setUp()[pri:0, instance:Test.AAMLoginTest@7946e1f4]" name="setUp" is-config="true" duration-ms="5066" started-at="2017-08-11T00:53:44Z" finished-at="2017-08-11T00:53:49Z">
          <reporter-output>
          </reporter-output>
        </test-method> <!-- setUp -->
        <test-method status="PASS" signature="aamLogingTest2()[pri:0, instance:Test.AAMLoginTest@7946e1f4]" name="aamLogingTest2" duration-ms="10634" started-at="2017-08-11T00:53:49Z" finished-at="2017-08-11T00:53:59Z">
          <reporter-output>
          </reporter-output>
        </test-method> <!-- aamLogingTest2 -->
        <test-method status="PASS" signature="tearDown()[pri:0, instance:Test.AAMLoginTest@7946e1f4]" name="tearDown" is-config="true" duration-ms="148" started-at="2017-08-11T00:54:00Z" finished-at="2017-08-11T00:54:00Z">
          <reporter-output>
          </reporter-output>
        </test-method> <!-- tearDown -->
      </class> <!-- Test.AAMLoginTest -->
    </test> <!-- Verify Login Functionality -->
  </suite> <!-- AAM-Login Test suite -->
</testng-results>
